<?xml version="1.0" encoding="UTF-8"?>
<!-- Generated by org.testng.reporters.JUnitReportReporter -->
<testsuite hostname="DESKTOP-7H18MJ2" failures="0" tests="3" name="testpackage.TC01_LoginTest" time="0.875" errors="0" timestamp="2026-05-27T22:59:24 IST" skipped="0">
  <testcase classname="testpackage.TC01_LoginTest" name="getLogin" time="0.821"/>
  <testcase classname="testpackage.TC01_LoginTest" name="getverifyUrl" time="0.023"/>
  <testcase classname="testpackage.TC01_LoginTest" name="getVarifyTitle" time="0.031"/>
</testsuite> <!-- testpackage.TC01_LoginTest -->
