<?xml version="1.0" encoding="UTF-8"?>
<!-- Generated by org.testng.reporters.JUnitXMLReporter -->
<testsuite ignored="0" hostname="DESKTOP-7H18MJ2" failures="0" tests="3" name="Test" time="12.24" errors="0" timestamp="2026-05-27T22:59:24 IST">
  <testcase classname="testpackage.TC01_LoginTest" name="getLogin" time="0.821"/>
  <testcase classname="testpackage.TC01_LoginTest" name="getverifyUrl" time="0.023"/>
  <testcase classname="testpackage.TC01_LoginTest" name="getVarifyTitle" time="0.031"/>
</testsuite> <!-- Test -->
