<?xml version="1.0" encoding="UTF-8"?>
<testng-results ignored="0" total="2" passed="2" failed="0" skipped="0">
  <reporter-output>
  </reporter-output>
  <suite started-at="2026-05-27T20:19:31 IST" name="Default suite" finished-at="2026-05-27T20:19:41 IST" duration-ms="10208">
    <groups>
    </groups>
    <test started-at="2026-05-27T20:19:31 IST" name="Default test" finished-at="2026-05-27T20:19:41 IST" duration-ms="10208">
      <class name="testpackage.TC01_LoginTest">
        <test-method is-config="true" signature="getLaunchurl()[pri:0, instance:testpackage.TC01_LoginTest@31190526]" started-at="2026-05-27T20:19:31 IST" name="getLaunchurl" finished-at="2026-05-27T20:19:40 IST" duration-ms="9300" status="PASS">
          <reporter-output>
          </reporter-output>
        </test-method> <!-- getLaunchurl -->
        <test-method signature="getLogin()[pri:1, instance:testpackage.TC01_LoginTest@31190526]" started-at="2026-05-27T20:19:40 IST" name="getLogin" finished-at="2026-05-27T20:19:40 IST" duration-ms="102" status="PASS">
          <reporter-output>
          </reporter-output>
        </test-method> <!-- getLogin -->
        <test-method signature="getVarifyTitle()[pri:2, instance:testpackage.TC01_LoginTest@31190526]" started-at="2026-05-27T20:19:40 IST" name="getVarifyTitle" finished-at="2026-05-27T20:19:40 IST" duration-ms="63" status="PASS">
          <reporter-output>
          </reporter-output>
        </test-method> <!-- getVarifyTitle -->
        <test-method is-config="true" signature="teamDown()[pri:0, instance:testpackage.TC01_LoginTest@31190526]" started-at="2026-05-27T20:19:40 IST" name="teamDown" finished-at="2026-05-27T20:19:41 IST" duration-ms="600" status="PASS">
          <reporter-output>
          </reporter-output>
        </test-method> <!-- teamDown -->
      </class> <!-- testpackage.TC01_LoginTest -->
    </test> <!-- Default test -->
  </suite> <!-- Default suite -->
</testng-results>
